#
# There is insufficient memory for the Java Runtime Environment to continue.
# Native memory allocation (malloc) failed to allocate 326576 bytes for Chunk::new
# Possible reasons:
#   The system is out of physical RAM or swap space
#   In 32 bit mode, the process size limit was hit
# Possible solutions:
#   Reduce memory load on the system
#   Increase physical memory or swap space
#   Check if swap backing store is full
#   Use 64 bit Java on a 64 bit OS
#   Decrease Java heap size (-Xmx/-Xms)
#   Decrease number of Java threads
#   Decrease Java thread stack sizes (-Xss)
#   Set larger code cache with -XX:ReservedCodeCacheSize=
# This output file may be truncated or incomplete.
#
#  Out of Memory Error (allocation.cpp:390), pid=8416, tid=0x000000000000243c
#
# JRE version: Java(TM) SE Runtime Environment (8.0_111-b14) (build 1.8.0_111-b14)
# Java VM: Java HotSpot(TM) 64-Bit Server VM (25.111-b14 mixed mode windows-amd64 compressed oops)
# Failed to write core dump. Minidumps are not enabled by default on client versions of Windows
#

---------------  T H R E A D  ---------------

Current thread (0x00000000158c2000):  JavaThread "C2 CompilerThread1" daemon [_thread_in_native, id=9276, stack(0x0000000017030000,0x0000000017130000)]

Stack: [0x0000000017030000,0x0000000017130000]
[error occurred during error reporting (printing stack bounds), id 0xc0000005]

Native frames: (J=compiled Java code, j=interpreted, Vv=VM code, C=native code)


Current CompileTask:
C2:  16819 2055       4       sun.java2d.pipe.AlphaPaintPipe::renderPathTile (491 bytes)


---------------  P R O C E S S  ---------------

Java Threads: ( => current thread )
  0x000000001750f000 JavaThread "TimerQueue" daemon [_thread_blocked, id=6080, stack(0x000000001a620000,0x000000001a720000)]
  0x0000000003220800 JavaThread "DestroyJavaVM" [_thread_blocked, id=2596, stack(0x0000000003060000,0x0000000003160000)]
  0x000000001842f800 JavaThread "AWT-EventQueue-0" [_thread_in_vm, id=6124, stack(0x0000000018c20000,0x0000000018d20000)]
  0x000000001761f000 JavaThread "AWT-Windows" daemon [_thread_in_native, id=4680, stack(0x0000000017dd0000,0x0000000017ed0000)]
  0x000000001761b800 JavaThread "AWT-Shutdown" [_thread_blocked, id=9568, stack(0x0000000017cd0000,0x0000000017dd0000)]
  0x00000000175c8000 JavaThread "Java2D Disposer" daemon [_thread_blocked, id=10120, stack(0x0000000017bd0000,0x0000000017cd0000)]
  0x0000000017260800 JavaThread "Service Thread" daemon [_thread_blocked, id=6380, stack(0x0000000017630000,0x0000000017730000)]
  0x00000000158ce800 JavaThread "C1 CompilerThread2" daemon [_thread_in_native, id=2540, stack(0x0000000017130000,0x0000000017230000)]
=>0x00000000158c2000 JavaThread "C2 CompilerThread1" daemon [_thread_in_native, id=9276, stack(0x0000000017030000,0x0000000017130000)]
  0x00000000158bc000 JavaThread "C2 CompilerThread0" daemon [_thread_in_native, id=11060, stack(0x0000000016f30000,0x0000000017030000)]
  0x00000000158ba800 JavaThread "Attach Listener" daemon [_thread_blocked, id=2212, stack(0x0000000016e30000,0x0000000016f30000)]
  0x00000000158b9800 JavaThread "Signal Dispatcher" daemon [_thread_blocked, id=4236, stack(0x0000000016d30000,0x0000000016e30000)]
  0x00000000158a9000 JavaThread "Finalizer" daemon [_thread_blocked, id=13684, stack(0x0000000016b20000,0x0000000016c20000)]
  0x0000000003311000 JavaThread "Reference Handler" daemon [_thread_blocked, id=11936, stack(0x0000000016a20000,0x0000000016b20000)]

Other Threads:
  0x0000000015887800 VMThread [stack: 0x0000000016920000,0x0000000016a20000] [id=1000]
  0x000000001727a800 WatcherThread [stack: 0x0000000017ad0000,0x0000000017bd0000] [id=10376]

VM state:not at safepoint (normal execution)

VM Mutex/Monitor currently owned by a thread: None

Heap:
 PSYoungGen      total 5632K, used 737K [0x00000000eb580000, 0x00000000ef280000, 0x0000000100000000)
  eden space 3072K, 23% used [0x00000000eb580000,0x00000000eb638438,0x00000000eb880000)
  from space 2560K, 0% used [0x00000000ec780000,0x00000000ec780000,0x00000000eca00000)
  to   space 15360K, 0% used [0x00000000eb880000,0x00000000eb880000,0x00000000ec780000)
 ParOldGen       total 34304K, used 9164K [0x00000000c2000000, 0x00000000c4180000, 0x00000000eb580000)
  object space 34304K, 26% used [0x00000000c2000000,0x00000000c28f30c8,0x00000000c4180000)
 Metaspace       used 15763K, capacity 16004K, committed 16128K, reserved 1062912K
  class space    used 1951K, capacity 2027K, committed 2048K, reserved 1048576K

Card table byte_map: [0x00000000126e0000,0x00000000128e0000] byte_map_base: 0x00000000120d0000

Marking Bits: (ParMarkBitMap*) 0x0000000071c5a6c0
 Begin Bits: [0x0000000012e30000, 0x0000000013db0000)
 End Bits:   [0x0000000013db0000, 0x0000000014d30000)

Polling page: 0x0000000003160000

CodeCache: size=245760Kb used=6737Kb max_used=6749Kb free=239022Kb
 bounds [0x0000000003320000, 0x00000000039c0000, 0x0000000012320000]
 total_blobs=2585 nmethods=2055 adapters=441
 compilation: enabled

Compilation events (10 events):
Event: 16.782 Thread 0x00000000158ce800 nmethod 2050 0x00000000039b29d0 code [0x00000000039b2d00, 0x00000000039b4fb8]
Event: 16.785 Thread 0x00000000158c2000 2051       4       sun.java2d.SunGraphics2D::setRenderingHint (555 bytes)
Event: 16.786 Thread 0x00000000158bc000 2052       4       java.awt.MultipleGradientPaintContext::getRaster (110 bytes)
Event: 16.789 Thread 0x00000000158ce800 2054  s    3       java.awt.MultipleGradientPaintContext::getCachedRaster (56 bytes)
Event: 16.789 Thread 0x00000000158ce800 nmethod 2054 0x00000000039b5f90 code [0x00000000039b6120, 0x00000000039b68e8]
Event: 16.795 Thread 0x00000000158c2000 nmethod 2051 0x00000000039b9c50 code [0x00000000039b9de0, 0x00000000039ba348]
Event: 16.795 Thread 0x00000000158c2000 2055       4       sun.java2d.pipe.AlphaPaintPipe::renderPathTile (491 bytes)
Event: 16.811 Thread 0x00000000158bc000 nmethod 2052 0x00000000039ba810 code [0x00000000039ba9e0, 0x00000000039bb918]
Event: 16.811 Thread 0x00000000158bc000 2053       4       java.awt.image.DataBufferInt::getData (14 bytes)
Event: 16.813 Thread 0x00000000158bc000 nmethod 2053 0x00000000039bc490 code [0x00000000039bc5e0, 0x00000000039bc898]

GC Heap History (10 events):
Event: 10.930 GC heap before
{Heap before GC invocations=3 (full 0):
 PSYoungGen      total 18432K, used 18425K [0x00000000eb580000, 0x00000000eca00000, 0x0000000100000000)
  eden space 15872K, 99% used [0x00000000eb580000,0x00000000ec4ffa70,0x00000000ec500000)
  from space 2560K, 99% used [0x00000000ec780000,0x00000000ec9fe9a0,0x00000000eca00000)
  to   space 2560K, 0% used [0x00000000ec500000,0x00000000ec500000,0x00000000ec780000)
 ParOldGen       total 42496K, used 5925K [0x00000000c2000000, 0x00000000c4980000, 0x00000000eb580000)
  object space 42496K, 13% used [0x00000000c2000000,0x00000000c25c95f8,0x00000000c4980000)
 Metaspace       used 15575K, capacity 15812K, committed 16128K, reserved 1062912K
  class space    used 1951K, capacity 2027K, committed 2048K, reserved 1048576K
Event: 10.937 GC heap after
Heap after GC invocations=3 (full 0):
 PSYoungGen      total 18432K, used 2555K [0x00000000eb580000, 0x00000000eca00000, 0x0000000100000000)
  eden space 15872K, 0% used [0x00000000eb580000,0x00000000eb580000,0x00000000ec500000)
  from space 2560K, 99% used [0x00000000ec500000,0x00000000ec77eed0,0x00000000ec780000)
  to   space 2560K, 0% used [0x00000000ec780000,0x00000000ec780000,0x00000000eca00000)
 ParOldGen       total 42496K, used 18049K [0x00000000c2000000, 0x00000000c4980000, 0x00000000eb580000)
  object space 42496K, 42% used [0x00000000c2000000,0x00000000c31a0770,0x00000000c4980000)
 Metaspace       used 15575K, capacity 15812K, committed 16128K, reserved 1062912K
  class space    used 1951K, capacity 2027K, committed 2048K, reserved 1048576K
}
Event: 11.128 GC heap before
{Heap before GC invocations=4 (full 0):
 PSYoungGen      total 18432K, used 17936K [0x00000000eb580000, 0x00000000eca00000, 0x0000000100000000)
  eden space 15872K, 96% used [0x00000000eb580000,0x00000000ec485510,0x00000000ec500000)
  from space 2560K, 99% used [0x00000000ec500000,0x00000000ec77eed0,0x00000000ec780000)
  to   space 2560K, 0% used [0x00000000ec780000,0x00000000ec780000,0x00000000eca00000)
 ParOldGen       total 42496K, used 18049K [0x00000000c2000000, 0x00000000c4980000, 0x00000000eb580000)
  object space 42496K, 42% used [0x00000000c2000000,0x00000000c31a0770,0x00000000c4980000)
 Metaspace       used 15632K, capacity 15876K, committed 16128K, reserved 1062912K
  class space    used 1951K, capacity 2027K, committed 2048K, reserved 1048576K
Event: 11.132 GC heap after
Heap after GC invocations=4 (full 0):
 PSYoungGen      total 18432K, used 2552K [0x00000000eb580000, 0x00000000eca00000, 0x0000000100000000)
  eden space 15872K, 0% used [0x00000000eb580000,0x00000000eb580000,0x00000000ec500000)
  from space 2560K, 99% used [0x00000000ec780000,0x00000000ec9fe3e8,0x00000000eca00000)
  to   space 2560K, 0% used [0x00000000ec500000,0x00000000ec500000,0x00000000ec780000)
 ParOldGen       total 42496K, used 21731K [0x00000000c2000000, 0x00000000c4980000, 0x00000000eb580000)
  object space 42496K, 51% used [0x00000000c2000000,0x00000000c3538d78,0x00000000c4980000)
 Metaspace       used 15632K, capacity 15876K, committed 16128K, reserved 1062912K
  class space    used 1951K, capacity 2027K, committed 2048K, reserved 1048576K
}
Event: 11.302 GC heap before
{Heap before GC invocations=5 (full 0):
 PSYoungGen      total 18432K, used 18271K [0x00000000eb580000, 0x00000000eca00000, 0x0000000100000000)
  eden space 15872K, 99% used [0x00000000eb580000,0x00000000ec4d9930,0x00000000ec500000)
  from space 2560K, 99% used [0x00000000ec780000,0x00000000ec9fe3e8,0x00000000eca00000)
  to   space 2560K, 0% used [0x00000000ec500000,0x00000000ec500000,0x00000000ec780000)
 ParOldGen       total 42496K, used 21731K [0x00000000c2000000, 0x00000000c4980000, 0x00000000eb580000)
  object space 42496K, 51% used [0x00000000c2000000,0x00000000c3538d78,0x00000000c4980000)
 Metaspace       used 15691K, capacity 15940K, committed 16128K, reserved 1062912K
  class space    used 1951K, capacity 2027K, committed 2048K, reserved 1048576K
Event: 11.308 GC heap after
Heap after GC invocations=5 (full 0):
 PSYoungGen      total 18432K, used 1072K [0x00000000eb580000, 0x00000000eca00000, 0x0000000100000000)
  eden space 15872K, 0% used [0x00000000eb580000,0x00000000eb580000,0x00000000ec500000)
  from space 2560K, 41% used [0x00000000ec500000,0x00000000ec60c090,0x00000000ec780000)
  to   space 2560K, 0% used [0x00000000ec780000,0x00000000ec780000,0x00000000eca00000)
 ParOldGen       total 42496K, used 27118K [0x00000000c2000000, 0x00000000c4980000, 0x00000000eb580000)
  object space 42496K, 63% used [0x00000000c2000000,0x00000000c3a7b9e8,0x00000000c4980000)
 Metaspace       used 15691K, capacity 15940K, committed 16128K, reserved 1062912K
  class space    used 1951K, capacity 2027K, committed 2048K, reserved 1048576K
}
Event: 15.754 GC heap before
{Heap before GC invocations=6 (full 0):
 PSYoungGen      total 18432K, used 16944K [0x00000000eb580000, 0x00000000eca00000, 0x0000000100000000)
  eden space 15872K, 100% used [0x00000000eb580000,0x00000000ec500000,0x00000000ec500000)
  from space 2560K, 41% used [0x00000000ec500000,0x00000000ec60c090,0x00000000ec780000)
  to   space 2560K, 0% used [0x00000000ec780000,0x00000000ec780000,0x00000000eca00000)
 ParOldGen       total 42496K, used 27118K [0x00000000c2000000, 0x00000000c4980000, 0x00000000eb580000)
  object space 42496K, 63% used [0x00000000c2000000,0x00000000c3a7b9e8,0x00000000c4980000)
 Metaspace       used 15763K, capacity 16004K, committed 16128K, reserved 1062912K
  class space    used 1951K, capacity 2027K, committed 2048K, reserved 1048576K
Event: 15.758 GC heap after
Heap after GC invocations=6 (full 0):
 PSYoungGen      total 5632K, used 1104K [0x00000000eb580000, 0x00000000ef280000, 0x0000000100000000)
  eden space 3072K, 0% used [0x00000000eb580000,0x00000000eb580000,0x00000000eb880000)
  from space 2560K, 43% used [0x00000000ec780000,0x00000000ec894090,0x00000000eca00000)
  to   space 15360K, 0% used [0x00000000eb880000,0x00000000eb880000,0x00000000ec780000)
 ParOldGen       total 42496K, used 34013K [0x00000000c2000000, 0x00000000c4980000, 0x00000000eb580000)
  object space 42496K, 80% used [0x00000000c2000000,0x00000000c41377f0,0x00000000c4980000)
 Metaspace       used 15763K, capacity 16004K, committed 16128K, reserved 1062912K
  class space    used 1951K, capacity 2027K, committed 2048K, reserved 1048576K
}
Event: 15.758 GC heap before
{Heap before GC invocations=7 (full 1):
 PSYoungGen      total 5632K, used 1104K [0x00000000eb580000, 0x00000000ef280000, 0x0000000100000000)
  eden space 3072K, 0% used [0x00000000eb580000,0x00000000eb580000,0x00000000eb880000)
  from space 2560K, 43% used [0x00000000ec780000,0x00000000ec894090,0x00000000eca00000)
  to   space 15360K, 0% used [0x00000000eb880000,0x00000000eb880000,0x00000000ec780000)
 ParOldGen       total 42496K, used 34013K [0x00000000c2000000, 0x00000000c4980000, 0x00000000eb580000)
  object space 42496K, 80% used [0x00000000c2000000,0x00000000c41377f0,0x00000000c4980000)
 Metaspace       used 15763K, capacity 16004K, committed 16128K, reserved 1062912K
  class space    used 1951K, capacity 2027K, committed 2048K, reserved 1048576K
Event: 15.779 GC heap after
Heap after GC invocations=7 (full 1):
 PSYoungGen      total 5632K, used 0K [0x00000000eb580000, 0x00000000ef280000, 0x0000000100000000)
  eden space 3072K, 0% used [0x00000000eb580000,0x00000000eb580000,0x00000000eb880000)
  from space 2560K, 0% used [0x00000000ec780000,0x00000000ec780000,0x00000000eca00000)
  to   space 15360K, 0% used [0x00000000eb880000,0x00000000eb880000,0x00000000ec780000)
 ParOldGen       total 34304K, used 5402K [0x00000000c2000000, 0x00000000c4180000, 0x00000000eb580000)
  object space 34304K, 15% used [0x00000000c2000000,0x00000000c2546960,0x00000000c4180000)
 Metaspace       used 15763K, capacity 16004K, committed 16128K, reserved 1062912K
  class space    used 1951K, capacity 2027K, committed 2048K, reserved 1048576K
}

Deoptimization events (10 events):
Event: 2.755 Thread 0x000000001842f800 Uncommon trap: reason=unstable_if action=reinterpret pc=0x0000000003574178 method=java.awt.MultipleGradientPaintContext.indexIntoGradientsArrays(F)I @ 24
Event: 2.761 Thread 0x000000001842f800 Uncommon trap: reason=unstable_if action=reinterpret pc=0x000000000358eda8 method=java.awt.MultipleGradientPaintContext.indexIntoGradientsArrays(F)I @ 13
Event: 5.264 Thread 0x000000001842f800 Uncommon trap: reason=class_check action=maybe_recompile pc=0x0000000003494edc method=java.lang.String.equals(Ljava/lang/Object;)Z @ 8
Event: 5.264 Thread 0x000000001842f800 Uncommon trap: reason=class_check action=maybe_recompile pc=0x0000000003494edc method=java.lang.String.equals(Ljava/lang/Object;)Z @ 8
Event: 5.264 Thread 0x000000001842f800 Uncommon trap: reason=class_check action=maybe_recompile pc=0x0000000003494edc method=java.lang.String.equals(Ljava/lang/Object;)Z @ 8
Event: 5.264 Thread 0x000000001842f800 Uncommon trap: reason=class_check action=maybe_recompile pc=0x0000000003494edc method=java.lang.String.equals(Ljava/lang/Object;)Z @ 8
Event: 5.297 Thread 0x000000001842f800 Uncommon trap: reason=class_check action=maybe_recompile pc=0x00000000035e57c0 method=javax.swing.plaf.nimbus.DerivedColor$UIResource.equals(Ljava/lang/Object;)Z @ 1
Event: 5.303 Thread 0x000000001842f800 Uncommon trap: reason=class_check action=maybe_recompile pc=0x00000000035e57c0 method=javax.swing.plaf.nimbus.DerivedColor$UIResource.equals(Ljava/lang/Object;)Z @ 1
Event: 15.780 Thread 0x000000001842f800 Uncommon trap: reason=null_check action=make_not_entrant pc=0x0000000003821f08 method=sun.java2d.pipe.AlphaPaintPipe.renderPathTile(Ljava/lang/Object;[BIIIIII)V @ 57
Event: 15.780 Thread 0x000000001842f800 Uncommon trap: reason=null_check action=make_not_entrant pc=0x00000000037f74fc method=java.awt.MultipleGradientPaintContext.getCachedRaster(Ljava/awt/image/ColorModel;II)Ljava/awt/image/Raster; @ 19

Internal exceptions (10 events):
Event: 1.243 Thread 0x0000000003220800 Exception <a 'java/lang/ClassNotFoundException': javax/swing/JToolBarSeparator> (0x00000000eb8f5320) thrown at [C:\re\workspace\8-2-build-windows-amd64-cygwin\jdk8u111\7883\hotspot\src\share\vm\classfile\systemDictionary.cpp, line 210]
Event: 1.243 Thread 0x0000000003220800 Exception <a 'java/lang/ClassNotFoundException': ToolBarSeparator> (0x00000000eb8f57b8) thrown at [C:\re\workspace\8-2-build-windows-amd64-cygwin\jdk8u111\7883\hotspot\src\share\vm\classfile\systemDictionary.cpp, line 210]
Event: 1.253 Thread 0x0000000003220800 Exception <a 'java/lang/ClassNotFoundException': ToolTip> (0x00000000eb8f5ef8) thrown at [C:\re\workspace\8-2-build-windows-amd64-cygwin\jdk8u111\7883\hotspot\src\share\vm\classfile\systemDictionary.cpp, line 210]
Event: 1.254 Thread 0x0000000003220800 Exception <a 'java/lang/ClassNotFoundException': Tree> (0x00000000eb8f6b18) thrown at [C:\re\workspace\8-2-build-windows-amd64-cygwin\jdk8u111\7883\hotspot\src\share\vm\classfile\systemDictionary.cpp, line 210]
Event: 1.254 Thread 0x0000000003220800 Exception <a 'java/lang/ClassNotFoundException': Tree> (0x00000000eb8f7258) thrown at [C:\re\workspace\8-2-build-windows-amd64-cygwin\jdk8u111\7883\hotspot\src\share\vm\classfile\systemDictionary.cpp, line 210]
Event: 1.254 Thread 0x0000000003220800 Exception <a 'java/lang/ClassNotFoundException': javax/swing/JTreeCell> (0x00000000eb8f75d8) thrown at [C:\re\workspace\8-2-build-windows-amd64-cygwin\jdk8u111\7883\hotspot\src\share\vm\classfile\systemDictionary.cpp, line 210]
Event: 1.254 Thread 0x0000000003220800 Exception <a 'java/lang/ClassNotFoundException': TreeCell> (0x00000000eb8f7a60) thrown at [C:\re\workspace\8-2-build-windows-amd64-cygwin\jdk8u111\7883\hotspot\src\share\vm\classfile\systemDictionary.cpp, line 210]
Event: 1.255 Thread 0x0000000003220800 Exception <a 'java/lang/ClassNotFoundException': RootPane> (0x00000000eb8f84c0) thrown at [C:\re\workspace\8-2-build-windows-amd64-cygwin\jdk8u111\7883\hotspot\src\share\vm\classfile\systemDictionary.cpp, line 210]
Event: 15.779 Thread 0x000000001842f800 Implicit null exception at 0x000000000381e4c6 to 0x0000000003821ee9
Event: 15.780 Thread 0x000000001842f800 Implicit null exception at 0x00000000037f6be8 to 0x00000000037f74de

Events (10 events):
Event: 11.302 Executing VM operation: ParallelGCFailedAllocation
Event: 11.308 Executing VM operation: ParallelGCFailedAllocation done
Event: 15.754 Executing VM operation: ParallelGCFailedAllocation
Event: 15.779 Executing VM operation: ParallelGCFailedAllocation done
Event: 15.780 Thread 0x000000001842f800 Uncommon trap: trap_request=0xfffffff4 fr.pc=0x0000000003821f08
Event: 15.780 Thread 0x000000001842f800 DEOPT PACKING pc=0x0000000003821f08 sp=0x0000000018d1be40
Event: 15.780 Thread 0x000000001842f800 DEOPT UNPACKING pc=0x000000000336582a sp=0x0000000018d1be48 mode 2
Event: 15.780 Thread 0x000000001842f800 Uncommon trap: trap_request=0xfffffff4 fr.pc=0x00000000037f74fc
Event: 15.780 Thread 0x000000001842f800 DEOPT PACKING pc=0x00000000037f74fc sp=0x0000000018d1bdb0
Event: 15.780 Thread 0x000000001842f800 DEOPT UNPACKING pc=0x000000000336582a sp=0x0000000018d1bd18 mode 2


Dynamic libraries:
0x00007ff731650000 - 0x00007ff731687000 	C:\Program Files\Java\jdk1.8.0_111\bin\java.exe
0x00007ff98a080000 - 0x00007ff98a25b000 	C:\WINDOWS\SYSTEM32\ntdll.dll
0x00007ff988540000 - 0x00007ff9885ee000 	C:\WINDOWS\System32\KERNEL32.DLL
0x00007ff986980000 - 0x00007ff986bc9000 	C:\WINDOWS\System32\KERNELBASE.dll
0x00007ff987ab0000 - 0x00007ff987b51000 	C:\WINDOWS\System32\ADVAPI32.dll
0x00007ff989da0000 - 0x00007ff989e3d000 	C:\WINDOWS\System32\msvcrt.dll
0x00007ff987710000 - 0x00007ff987769000 	C:\WINDOWS\System32\sechost.dll
0x00007ff9875e0000 - 0x00007ff987705000 	C:\WINDOWS\System32\RPCRT4.dll
0x00007ff9877a0000 - 0x00007ff9878ea000 	C:\WINDOWS\System32\USER32.dll
0x00007ff986e60000 - 0x00007ff986e7e000 	C:\WINDOWS\System32\win32u.dll
0x00007ff987770000 - 0x00007ff987797000 	C:\WINDOWS\System32\GDI32.dll
0x00007ff986c80000 - 0x00007ff986e09000 	C:\WINDOWS\System32\gdi32full.dll
0x00007ff9866a0000 - 0x00007ff98673a000 	C:\WINDOWS\System32\msvcp_win.dll
0x00007ff9865a0000 - 0x00007ff986696000 	C:\WINDOWS\System32\ucrtbase.dll
0x00007ff976090000 - 0x00007ff9762f7000 	C:\WINDOWS\WinSxS\amd64_microsoft.windows.common-controls_6595b64144ccf1df_6.0.15063.0_none_108e4f62dfe5d999\COMCTL32.dll
0x00007ff989a90000 - 0x00007ff989d89000 	C:\WINDOWS\System32\combase.dll
0x00007ff986910000 - 0x00007ff98697a000 	C:\WINDOWS\System32\bcryptPrimitives.dll
0x00007ff987c40000 - 0x00007ff987c6d000 	C:\WINDOWS\System32\IMM32.DLL
0x0000000071360000 - 0x0000000071432000 	C:\Program Files\Java\jdk1.8.0_111\jre\bin\msvcr100.dll
0x0000000071440000 - 0x0000000071cda000 	C:\Program Files\Java\jdk1.8.0_111\jre\bin\server\jvm.dll
0x00007ff989d90000 - 0x00007ff989d98000 	C:\WINDOWS\System32\PSAPI.DLL
0x00007ff96e830000 - 0x00007ff96e839000 	C:\WINDOWS\SYSTEM32\WSOCK32.dll
0x00007ff983be0000 - 0x00007ff983c03000 	C:\WINDOWS\SYSTEM32\WINMM.dll
0x00007ff97d410000 - 0x00007ff97d41a000 	C:\WINDOWS\SYSTEM32\VERSION.dll
0x00007ff988360000 - 0x00007ff9883cc000 	C:\WINDOWS\System32\WS2_32.dll
0x00007ff983b60000 - 0x00007ff983b8b000 	C:\WINDOWS\SYSTEM32\winmmbase.dll
0x00007ff986e10000 - 0x00007ff986e59000 	C:\WINDOWS\System32\cfgmgr32.dll
0x0000000073470000 - 0x000000007347f000 	C:\Program Files\Java\jdk1.8.0_111\jre\bin\verify.dll
0x0000000073440000 - 0x0000000073469000 	C:\Program Files\Java\jdk1.8.0_111\jre\bin\java.dll
0x00000000725d0000 - 0x00000000725e6000 	C:\Program Files\Java\jdk1.8.0_111\jre\bin\zip.dll
0x00007ff988650000 - 0x00007ff989a87000 	C:\WINDOWS\System32\SHELL32.dll
0x00007ff987a00000 - 0x00007ff987aaa000 	C:\WINDOWS\System32\shcore.dll
0x00007ff986ee0000 - 0x00007ff9875d2000 	C:\WINDOWS\System32\windows.storage.dll
0x00007ff987d40000 - 0x00007ff987d91000 	C:\WINDOWS\System32\shlwapi.dll
0x00007ff9864f0000 - 0x00007ff986501000 	C:\WINDOWS\System32\kernel.appcore.dll
0x00007ff986530000 - 0x00007ff98657c000 	C:\WINDOWS\System32\powrprof.dll
0x00007ff986510000 - 0x00007ff986525000 	C:\WINDOWS\System32\profapi.dll
0x00000000711c0000 - 0x0000000071358000 	C:\Program Files\Java\jdk1.8.0_111\jre\bin\awt.dll
0x00007ff987c80000 - 0x00007ff987d3f000 	C:\WINDOWS\System32\OLEAUT32.dll
0x00007ff984bb0000 - 0x00007ff984c2e000 	C:\WINDOWS\SYSTEM32\apphelp.dll
0x00007ff984d10000 - 0x00007ff984da5000 	C:\WINDOWS\system32\uxtheme.dll
0x00007ff9883d0000 - 0x00007ff988536000 	C:\WINDOWS\System32\MSCTF.dll
0x00007ff9849a0000 - 0x00007ff9849ca000 	C:\WINDOWS\system32\dwmapi.dll
0x00007ff987dc0000 - 0x00007ff987f05000 	C:\WINDOWS\System32\ole32.dll
0x0000000072630000 - 0x0000000072677000 	C:\Program Files\Java\jdk1.8.0_111\jre\bin\fontmanager.dll
0x00000000725b0000 - 0x00000000725ca000 	C:\Program Files\Java\jdk1.8.0_111\jre\bin\net.dll
0x00007ff985da0000 - 0x00007ff985dfc000 	C:\WINDOWS\system32\mswsock.dll
0x0000000072680000 - 0x0000000072691000 	C:\Program Files\Java\jdk1.8.0_111\jre\bin\nio.dll
0x0000000072560000 - 0x00000000725a2000 	C:\Program Files\Java\jdk1.8.0_111\jre\bin\t2k.dll
0x00007ff97f930000 - 0x00007ff97f9b2000 	C:\WINDOWS\System32\TextInputFramework.dll
0x00007ff984720000 - 0x00007ff984803000 	C:\WINDOWS\System32\CoreMessaging.dll
0x00007ff980d20000 - 0x00007ff980ff2000 	C:\WINDOWS\System32\CoreUIComponents.dll
0x00007ff9857f0000 - 0x00007ff985821000 	C:\WINDOWS\SYSTEM32\ntmarta.dll
0x00007ff982b70000 - 0x00007ff982ca9000 	C:\WINDOWS\SYSTEM32\wintypes.dll
0x00007ff983450000 - 0x00007ff983465000 	C:\WINDOWS\SYSTEM32\usermgrcli.dll
0x00007ff985b80000 - 0x00007ff985c24000 	C:\WINDOWS\SYSTEM32\DNSAPI.dll
0x00007ff987c70000 - 0x00007ff987c78000 	C:\WINDOWS\System32\NSI.dll
0x00007ff985b40000 - 0x00007ff985b77000 	C:\WINDOWS\SYSTEM32\IPHLPAPI.DLL
0x0000000073400000 - 0x0000000073426000 	C:\Program Files\Bonjour\mdnsNSP.dll
0x00007ff9770e0000 - 0x00007ff9770ea000 	C:\Windows\System32\rasadhlp.dll
0x00007ff977070000 - 0x00007ff9770db000 	C:\WINDOWS\System32\fwpuclnt.dll
0x00007ff9863c0000 - 0x00007ff9863e5000 	C:\WINDOWS\SYSTEM32\bcrypt.dll
0x0000000072600000 - 0x000000007262a000 	C:\Program Files\Java\jdk1.8.0_111\jre\bin\dcpr.dll
0x00007ff989fe0000 - 0x00007ff98a07e000 	C:\WINDOWS\System32\clbcatq.dll
0x00007ff981570000 - 0x00007ff98171c000 	C:\WINDOWS\SYSTEM32\WindowsCodecs.dll
0x00007ff975b00000 - 0x00007ff975b47000 	C:\WINDOWS\system32\dataexchange.dll
0x00007ff983ff0000 - 0x00007ff984112000 	C:\WINDOWS\system32\dcomp.dll
0x00007ff983c60000 - 0x00007ff983f3f000 	C:\WINDOWS\system32\d3d11.dll
0x00007ff985360000 - 0x00007ff985404000 	C:\WINDOWS\system32\dxgi.dll
0x00007ff984e40000 - 0x00007ff984fb0000 	C:\WINDOWS\system32\twinapi.appcore.dll
0x00007ff972230000 - 0x00007ff97228d000 	C:\WINDOWS\system32\Ninput.dll

VM Arguments:
jvm_args: -Dfile.encoding=UTF-8 
java_command: Cliente.Vistas.VistaAdmin
java_class_path (initial): C:\Users\Steven\Proyectos\LibreriaDigit\LibreriaDigital\LibreriaDigital\build\classes
Launcher Type: SUN_STANDARD

Environment Variables:
PATH=C:\ProgramData\Oracle\Java\javapath;C:\Program Files (x86)\Intel\iCLS Client\;C:\Program Files\Intel\iCLS Client\;C:\Windows\system32;C:\Windows;C:\Windows\System32\Wbem;C:\Windows\System32\WindowsPowerShell\v1.0\;C:\Program Files (x86)\NVIDIA Corporation\PhysX\Common;C:\Program Files (x86)\Intel\Intel(R) Management Engine Components\DAL;C:\Program Files\Intel\Intel(R) Management Engine Components\DAL;C:\Program Files (x86)\Intel\Intel(R) Management Engine Components\IPT;C:\Program Files\Intel\Intel(R) Management Engine Components\IPT;C:\WINDOWS\system32;C:\WINDOWS;C:\WINDOWS\System32\Wbem;C:\WINDOWS\System32\WindowsPowerShell\v1.0\;C:\Program Files\Git\cmd;C:\Python27;C:\Python27\Scripts;C:\Users\Steven\AppData\Local\Microsoft\WindowsApps;
USERNAME=Steven
OS=Windows_NT
PROCESSOR_IDENTIFIER=Intel64 Family 6 Model 142 Stepping 9, GenuineIntel



---------------  S Y S T E M  ---------------

OS: Windows 10.0 , 64 bit Build 15063 (10.0.15063.296)

CPU:total 4 (2 cores per cpu, 2 threads per core) family 6 model 142 stepping 9, cmov, cx8, fxsr, mmx, sse, sse2, sse3, ssse3, sse4.1, sse4.2, popcnt, avx, avx2, aes, clmul, erms, 3dnowpref, lzcnt, ht, tsc, tscinvbit, bmi1, bmi2, adx

Memory: 4k page, physical 4059268k(339140k free), swap 4059268k(5340k free)

vm_info: Java HotSpot(TM) 64-Bit Server VM (25.111-b14) for windows-amd64 JRE (1.8.0_111-b14), built on Sep 22 2016 19:24:05 by "java_re" with MS VC++ 10.0 (VS2010)

time: Sat Jun 03 15:01:51 2017
elapsed time: 16 seconds (0d 0h 0m 16s)

