#
# There is insufficient memory for the Java Runtime Environment to continue.
# Native memory allocation (malloc) failed to allocate 32744 bytes for ChunkPool::allocate
# Possible reasons:
#   The system is out of physical RAM or swap space
#   In 32 bit mode, the process size limit was hit
# Possible solutions:
#   Reduce memory load on the system
#   Increase physical memory or swap space
#   Check if swap backing store is full
#   Use 64 bit Java on a 64 bit OS
#   Decrease Java heap size (-Xmx/-Xms)
#   Decrease number of Java threads
#   Decrease Java thread stack sizes (-Xss)
#   Set larger code cache with -XX:ReservedCodeCacheSize=
# This output file may be truncated or incomplete.
#
#  Out of Memory Error (allocation.cpp:273), pid=12396, tid=0x0000000000000e64
#
# JRE version: Java(TM) SE Runtime Environment (8.0_111-b14) (build 1.8.0_111-b14)
# Java VM: Java HotSpot(TM) 64-Bit Server VM (25.111-b14 mixed mode windows-amd64 compressed oops)
# Failed to write core dump. Minidumps are not enabled by default on client versions of Windows
#

---------------  T H R E A D  ---------------

Current thread (0x00000000155d5000):  JavaThread "C1 CompilerThread2" daemon [_thread_in_native, id=3684, stack(0x0000000016e40000,0x0000000016f40000)]

Stack: [0x0000000016e40000,0x0000000016f40000]
[error occurred during error reporting (printing stack bounds), id 0xc0000005]

Native frames: (J=compiled Java code, j=interpreted, Vv=VM code, C=native code)


Current CompileTask:
C1:   5609 1020   !   3       java.awt.DefaultKeyboardFocusManager::dispatchEvent (1589 bytes)


---------------  P R O C E S S  ---------------

Java Threads: ( => current thread )
  0x0000000017ba0000 JavaThread "TimerQueue" daemon [_thread_blocked, id=5608, stack(0x000000001a610000,0x000000001a710000)]
  0x0000000017333800 JavaThread "Image Fetcher 0" daemon [_thread_blocked, id=12724, stack(0x0000000018cd0000,0x0000000018dd0000)]
  0x0000000002f30800 JavaThread "DestroyJavaVM" [_thread_blocked, id=11792, stack(0x0000000002e30000,0x0000000002f30000)]
  0x0000000017315800 JavaThread "AWT-EventQueue-0" [_thread_blocked, id=7652, stack(0x00000000189d0000,0x0000000018ad0000)]
  0x00000000172fc800 JavaThread "AWT-Windows" daemon [_thread_in_native, id=5184, stack(0x00000000182e0000,0x00000000183e0000)]
  0x00000000172f8800 JavaThread "AWT-Shutdown" [_thread_blocked, id=10448, stack(0x00000000181e0000,0x00000000182e0000)]
  0x0000000017923000 JavaThread "Java2D Disposer" daemon [_thread_blocked, id=10576, stack(0x00000000180e0000,0x00000000181e0000)]
  0x0000000016f68800 JavaThread "Service Thread" daemon [_thread_blocked, id=3056, stack(0x0000000017340000,0x0000000017440000)]
=>0x00000000155d5000 JavaThread "C1 CompilerThread2" daemon [_thread_in_native, id=3684, stack(0x0000000016e40000,0x0000000016f40000)]
  0x00000000155d2000 JavaThread "C2 CompilerThread1" daemon [_thread_blocked, id=5140, stack(0x0000000016d40000,0x0000000016e40000)]
  0x00000000155cc000 JavaThread "C2 CompilerThread0" daemon [_thread_blocked, id=8480, stack(0x0000000016c40000,0x0000000016d40000)]
  0x00000000155ca800 JavaThread "Attach Listener" daemon [_thread_blocked, id=10428, stack(0x0000000016b40000,0x0000000016c40000)]
  0x00000000155c9800 JavaThread "Signal Dispatcher" daemon [_thread_blocked, id=7292, stack(0x0000000016a40000,0x0000000016b40000)]
  0x00000000155b9000 JavaThread "Finalizer" daemon [_thread_blocked, id=472, stack(0x0000000016830000,0x0000000016930000)]
  0x0000000003021000 JavaThread "Reference Handler" daemon [_thread_blocked, id=1552, stack(0x0000000016730000,0x0000000016830000)]

Other Threads:
  0x0000000015597800 VMThread [stack: 0x0000000016630000,0x0000000016730000] [id=5740]
  0x0000000016f92000 WatcherThread [stack: 0x00000000177e0000,0x00000000178e0000] [id=2208]

VM state:not at safepoint (normal execution)

VM Mutex/Monitor currently owned by a thread: None

Heap:
 PSYoungGen      total 18432K, used 3909K [0x00000000eb580000, 0x00000000eca00000, 0x0000000100000000)
  eden space 15872K, 24% used [0x00000000eb580000,0x00000000eb951628,0x00000000ec500000)
  from space 2560K, 0% used [0x00000000ec780000,0x00000000ec780000,0x00000000eca00000)
  to   space 2560K, 0% used [0x00000000ec500000,0x00000000ec500000,0x00000000ec780000)
 ParOldGen       total 31744K, used 3533K [0x00000000c2000000, 0x00000000c3f00000, 0x00000000eb580000)
  object space 31744K, 11% used [0x00000000c2000000,0x00000000c23734a8,0x00000000c3f00000)
 Metaspace       used 14637K, capacity 14880K, committed 15104K, reserved 1067008K
  class space    used 1910K, capacity 1993K, committed 2048K, reserved 1048576K

Card table byte_map: [0x00000000123f0000,0x00000000125f0000] byte_map_base: 0x0000000011de0000

Marking Bits: (ParMarkBitMap*) 0x0000000071c5a6c0
 Begin Bits: [0x0000000012b40000, 0x0000000013ac0000)
 End Bits:   [0x0000000013ac0000, 0x0000000014a40000)

Polling page: 0x0000000001160000

CodeCache: size=245760Kb used=3336Kb max_used=3355Kb free=242423Kb
 bounds [0x0000000003030000, 0x0000000003380000, 0x0000000012030000]
 total_blobs=1519 nmethods=994 adapters=434
 compilation: enabled

Compilation events (10 events):
Event: 4.663 Thread 0x00000000155d5000 nmethod 1013 0x0000000003378310 code [0x0000000003378480, 0x00000000033786f0]
Event: 4.663 Thread 0x00000000155d5000 1015       3       sun.awt.AWTAccessor::getContainerAccessor (18 bytes)
Event: 4.663 Thread 0x00000000155d5000 nmethod 1015 0x0000000003378810 code [0x0000000003378980, 0x0000000003378bc8]
Event: 4.663 Thread 0x00000000155d5000 1016       3       java.awt.Container$1::findComponentAt (9 bytes)
Event: 4.664 Thread 0x00000000155d5000 nmethod 1016 0x0000000003378c50 code [0x0000000003378dc0, 0x0000000003378fe8]
Event: 4.685 Thread 0x00000000155d5000 1017       3       java.awt.event.MouseEvent::getModifiersEx (29 bytes)
Event: 4.686 Thread 0x00000000155d5000 nmethod 1017 0x00000000033790d0 code [0x0000000003379240, 0x00000000033794a8]
Event: 4.686 Thread 0x00000000155d5000 1018       3       java.awt.Component::dispatchEventImpl (883 bytes)
Event: 4.690 Thread 0x00000000155d5000 

Event: 5.602 Thread 0x00000000155d5000 1020   !   3       java.awt.DefaultKeyboardFocusManager::dispatchEvent (1589 bytes)

GC Heap History (8 events):
Event: 0.533 GC heap before
{Heap before GC invocations=1 (full 0):
 PSYoungGen      total 18432K, used 5716K [0x00000000eb580000, 0x00000000eca00000, 0x0000000100000000)
  eden space 15872K, 36% used [0x00000000eb580000,0x00000000ebb15048,0x00000000ec500000)
  from space 2560K, 0% used [0x00000000ec780000,0x00000000ec780000,0x00000000eca00000)
  to   space 2560K, 0% used [0x00000000ec500000,0x00000000ec500000,0x00000000ec780000)
 ParOldGen       total 42496K, used 0K [0x00000000c2000000, 0x00000000c4980000, 0x00000000eb580000)
  object space 42496K, 0% used [0x00000000c2000000,0x00000000c2000000,0x00000000c4980000)
 Metaspace       used 9577K, capacity 9706K, committed 9856K, reserved 1062912K
  class space    used 1240K, capacity 1317K, committed 1408K, reserved 1048576K
Event: 0.536 GC heap after
Heap after GC invocations=1 (full 0):
 PSYoungGen      total 18432K, used 1712K [0x00000000eb580000, 0x00000000eca00000, 0x0000000100000000)
  eden space 15872K, 0% used [0x00000000eb580000,0x00000000eb580000,0x00000000ec500000)
  from space 2560K, 66% used [0x00000000ec500000,0x00000000ec6ac010,0x00000000ec780000)
  to   space 2560K, 0% used [0x00000000ec780000,0x00000000ec780000,0x00000000eca00000)
 ParOldGen       total 42496K, used 8K [0x00000000c2000000, 0x00000000c4980000, 0x00000000eb580000)
  object space 42496K, 0% used [0x00000000c2000000,0x00000000c2002000,0x00000000c4980000)
 Metaspace       used 9577K, capacity 9706K, committed 9856K, reserved 1062912K
  class space    used 1240K, capacity 1317K, committed 1408K, reserved 1048576K
}
Event: 0.536 GC heap before
{Heap before GC invocations=2 (full 1):
 PSYoungGen      total 18432K, used 1712K [0x00000000eb580000, 0x00000000eca00000, 0x0000000100000000)
  eden space 15872K, 0% used [0x00000000eb580000,0x00000000eb580000,0x00000000ec500000)
  from space 2560K, 66% used [0x00000000ec500000,0x00000000ec6ac010,0x00000000ec780000)
  to   space 2560K, 0% used [0x00000000ec780000,0x00000000ec780000,0x00000000eca00000)
 ParOldGen       total 42496K, used 8K [0x00000000c2000000, 0x00000000c4980000, 0x00000000eb580000)
  object space 42496K, 0% used [0x00000000c2000000,0x00000000c2002000,0x00000000c4980000)
 Metaspace       used 9577K, capacity 9706K, committed 9856K, reserved 1062912K
  class space    used 1240K, capacity 1317K, committed 1408K, reserved 1048576K
Event: 0.547 GC heap after
Heap after GC invocations=2 (full 1):
 PSYoungGen      total 18432K, used 0K [0x00000000eb580000, 0x00000000eca00000, 0x0000000100000000)
  eden space 15872K, 0% used [0x00000000eb580000,0x00000000eb580000,0x00000000ec500000)
  from space 2560K, 0% used [0x00000000ec500000,0x00000000ec500000,0x00000000ec780000)
  to   space 2560K, 0% used [0x00000000ec780000,0x00000000ec780000,0x00000000eca00000)
 ParOldGen       total 31744K, used 1604K [0x00000000c2000000, 0x00000000c3f00000, 0x00000000eb580000)
  object space 31744K, 5% used [0x00000000c2000000,0x00000000c2191340,0x00000000c3f00000)
 Metaspace       used 9577K, capacity 9706K, committed 9856K, reserved 1060864K
  class space    used 1240K, capacity 1317K, committed 1408K, reserved 1048576K
}
Event: 2.491 GC heap before
{Heap before GC invocations=3 (full 1):
 PSYoungGen      total 18432K, used 5320K [0x00000000eb580000, 0x00000000eca00000, 0x0000000100000000)
  eden space 15872K, 33% used [0x00000000eb580000,0x00000000ebab2340,0x00000000ec500000)
  from space 2560K, 0% used [0x00000000ec500000,0x00000000ec500000,0x00000000ec780000)
  to   space 2560K, 0% used [0x00000000ec780000,0x00000000ec780000,0x00000000eca00000)
 ParOldGen       total 31744K, used 1604K [0x00000000c2000000, 0x00000000c3f00000, 0x00000000eb580000)
  object space 31744K, 5% used [0x00000000c2000000,0x00000000c2191340,0x00000000c3f00000)
 Metaspace       used 13677K, capacity 13856K, committed 13952K, reserved 1067008K
  class space    used 1801K, capacity 1865K, committed 1920K, reserved 1048576K
Event: 2.493 GC heap after
Heap after GC invocations=3 (full 1):
 PSYoungGen      total 18432K, used 2098K [0x00000000eb580000, 0x00000000eca00000, 0x0000000100000000)
  eden space 15872K, 0% used [0x00000000eb580000,0x00000000eb580000,0x00000000ec500000)
  from space 2560K, 81% used [0x00000000ec780000,0x00000000ec98cae0,0x00000000eca00000)
  to   space 2560K, 0% used [0x00000000ec500000,0x00000000ec500000,0x00000000ec780000)
 ParOldGen       total 31744K, used 1612K [0x00000000c2000000, 0x00000000c3f00000, 0x00000000eb580000)
  object space 31744K, 5% used [0x00000000c2000000,0x00000000c2193340,0x00000000c3f00000)
 Metaspace       used 13677K, capacity 13856K, committed 13952K, reserved 1067008K
  class space    used 1801K, capacity 1865K, committed 1920K, reserved 1048576K
}
Event: 2.493 GC heap before
{Heap before GC invocations=4 (full 2):
 PSYoungGen      total 18432K, used 2098K [0x00000000eb580000, 0x00000000eca00000, 0x0000000100000000)
  eden space 15872K, 0% used [0x00000000eb580000,0x00000000eb580000,0x00000000ec500000)
  from space 2560K, 81% used [0x00000000ec780000,0x00000000ec98cae0,0x00000000eca00000)
  to   space 2560K, 0% used [0x00000000ec500000,0x00000000ec500000,0x00000000ec780000)
 ParOldGen       total 31744K, used 1612K [0x00000000c2000000, 0x00000000c3f00000, 0x00000000eb580000)
  object space 31744K, 5% used [0x00000000c2000000,0x00000000c2193340,0x00000000c3f00000)
 Metaspace       used 13677K, capacity 13856K, committed 13952K, reserved 1067008K
  class space    used 1801K, capacity 1865K, committed 1920K, reserved 1048576K
Event: 2.522 GC heap after
Heap after GC invocations=4 (full 2):
 PSYoungGen      total 18432K, used 0K [0x00000000eb580000, 0x00000000eca00000, 0x0000000100000000)
  eden space 15872K, 0% used [0x00000000eb580000,0x00000000eb580000,0x00000000ec500000)
  from space 2560K, 0% used [0x00000000ec780000,0x00000000ec780000,0x00000000eca00000)
  to   space 2560K, 0% used [0x00000000ec500000,0x00000000ec500000,0x00000000ec780000)
 ParOldGen       total 31744K, used 3533K [0x00000000c2000000, 0x00000000c3f00000, 0x00000000eb580000)
  object space 31744K, 11% used [0x00000000c2000000,0x00000000c23734a8,0x00000000c3f00000)
 Metaspace       used 13677K, capacity 13856K, committed 13952K, reserved 1064960K
  class space    used 1801K, capacity 1865K, committed 1920K, reserved 1048576K
}

Deoptimization events (10 events):
Event: 0.870 Thread 0x00000000172fc800 Uncommon trap: reason=unstable_if action=reinterpret pc=0x0000000003207700 method=java.util.HashMap.putVal(ILjava/lang/Object;Ljava/lang/Object;ZZ)Ljava/lang/Object; @ 206
Event: 0.871 Thread 0x00000000172fc800 Uncommon trap: reason=unstable_if action=reinterpret pc=0x000000000320a8d0 method=java.util.HashMap.putVal(ILjava/lang/Object;Ljava/lang/Object;ZZ)Ljava/lang/Object; @ 206
Event: 1.013 Thread 0x0000000017315800 Uncommon trap: reason=unstable_if action=reinterpret pc=0x000000000326f9b8 method=java.awt.MultipleGradientPaintContext.indexIntoGradientsArrays(F)I @ 24
Event: 1.020 Thread 0x0000000017315800 Uncommon trap: reason=unstable_if action=reinterpret pc=0x00000000032838a8 method=java.awt.MultipleGradientPaintContext.indexIntoGradientsArrays(F)I @ 13
Event: 2.537 Thread 0x0000000017315800 Uncommon trap: reason=class_check action=maybe_recompile pc=0x000000000319d4dc method=java.lang.String.equals(Ljava/lang/Object;)Z @ 8
Event: 2.537 Thread 0x0000000017315800 Uncommon trap: reason=class_check action=maybe_recompile pc=0x000000000319d4dc method=java.lang.String.equals(Ljava/lang/Object;)Z @ 8
Event: 2.537 Thread 0x0000000017315800 Uncommon trap: reason=class_check action=maybe_recompile pc=0x000000000319d4dc method=java.lang.String.equals(Ljava/lang/Object;)Z @ 8
Event: 2.537 Thread 0x0000000017315800 Uncommon trap: reason=class_check action=maybe_recompile pc=0x000000000319d4dc method=java.lang.String.equals(Ljava/lang/Object;)Z @ 8
Event: 2.540 Thread 0x0000000017315800 Uncommon trap: reason=class_check action=maybe_recompile pc=0x00000000032ec380 method=javax.swing.plaf.nimbus.DerivedColor$UIResource.equals(Ljava/lang/Object;)Z @ 1
Event: 2.544 Thread 0x0000000017315800 Uncommon trap: reason=class_check action=maybe_recompile pc=0x00000000032ec380 method=javax.swing.plaf.nimbus.DerivedColor$UIResource.equals(Ljava/lang/Object;)Z @ 1

Internal exceptions (10 events):
Event: 0.455 Thread 0x0000000002f30800 Exception <a 'java/lang/ClassNotFoundException': ToolBar> (0x00000000eb8fa2d0) thrown at [C:\re\workspace\8-2-build-windows-amd64-cygwin\jdk8u111\7883\hotspot\src\share\vm\classfile\systemDictionary.cpp, line 210]
Event: 0.455 Thread 0x0000000002f30800 Exception <a 'java/lang/ClassNotFoundException': ToggleButton> (0x00000000eb8fa880) thrown at [C:\re\workspace\8-2-build-windows-amd64-cygwin\jdk8u111\7883\hotspot\src\share\vm\classfile\systemDictionary.cpp, line 210]
Event: 0.455 Thread 0x0000000002f30800 Exception <a 'java/lang/ClassNotFoundException': javax/swing/JToolBarSeparator> (0x00000000eb8face0) thrown at [C:\re\workspace\8-2-build-windows-amd64-cygwin\jdk8u111\7883\hotspot\src\share\vm\classfile\systemDictionary.cpp, line 210]
Event: 0.455 Thread 0x0000000002f30800 Exception <a 'java/lang/ClassNotFoundException': ToolBarSeparator> (0x00000000eb8fb178) thrown at [C:\re\workspace\8-2-build-windows-amd64-cygwin\jdk8u111\7883\hotspot\src\share\vm\classfile\systemDictionary.cpp, line 210]
Event: 0.455 Thread 0x0000000002f30800 Exception <a 'java/lang/ClassNotFoundException': ToolTip> (0x00000000eb8fb8b8) thrown at [C:\re\workspace\8-2-build-windows-amd64-cygwin\jdk8u111\7883\hotspot\src\share\vm\classfile\systemDictionary.cpp, line 210]
Event: 0.456 Thread 0x0000000002f30800 Exception <a 'java/lang/ClassNotFoundException': Tree> (0x00000000eb8fc4d8) thrown at [C:\re\workspace\8-2-build-windows-amd64-cygwin\jdk8u111\7883\hotspot\src\share\vm\classfile\systemDictionary.cpp, line 210]
Event: 0.456 Thread 0x0000000002f30800 Exception <a 'java/lang/ClassNotFoundException': Tree> (0x00000000eb8fcc18) thrown at [C:\re\workspace\8-2-build-windows-amd64-cygwin\jdk8u111\7883\hotspot\src\share\vm\classfile\systemDictionary.cpp, line 210]
Event: 0.456 Thread 0x0000000002f30800 Exception <a 'java/lang/ClassNotFoundException': javax/swing/JTreeCell> (0x00000000eb8fcf98) thrown at [C:\re\workspace\8-2-build-windows-amd64-cygwin\jdk8u111\7883\hotspot\src\share\vm\classfile\systemDictionary.cpp, line 210]
Event: 0.456 Thread 0x0000000002f30800 Exception <a 'java/lang/ClassNotFoundException': TreeCell> (0x00000000eb8fd420) thrown at [C:\re\workspace\8-2-build-windows-amd64-cygwin\jdk8u111\7883\hotspot\src\share\vm\classfile\systemDictionary.cpp, line 210]
Event: 0.456 Thread 0x0000000002f30800 Exception <a 'java/lang/ClassNotFoundException': RootPane> (0x00000000eb8fde80) thrown at [C:\re\workspace\8-2-build-windows-amd64-cygwin\jdk8u111\7883\hotspot\src\share\vm\classfile\systemDictionary.cpp, line 210]

Events (10 events):
Event: 4.698 Thread 0x0000000017315800 DEOPT PACKING pc=0x000000000328f991 sp=0x0000000018acb730
Event: 4.698 Thread 0x0000000017315800 DEOPT UNPACKING pc=0x000000000307787f sp=0x0000000018acb440 mode 0
Event: 5.199 Thread 0x0000000017315800 DEOPT PACKING pc=0x000000000328f991 sp=0x0000000018acb730
Event: 5.199 Thread 0x0000000017315800 DEOPT UNPACKING pc=0x000000000307787f sp=0x0000000018acb440 mode 0
Event: 5.291 Thread 0x00000000155d5000 flushing nmethod 0x00000000031a9d50
Event: 5.291 Thread 0x00000000155d5000 flushing nmethod 0x00000000031b1010
Event: 5.291 Thread 0x00000000155d5000 flushing nmethod 0x00000000031cd610
Event: 5.291 Thread 0x00000000155d5000 flushing nmethod 0x00000000031cd990
Event: 5.291 Thread 0x00000000155d5000 flushing nmethod 0x00000000031d3690
Event: 5.291 Thread 0x00000000155d5000 flushing nmethod 0x00000000031d5b90


Dynamic libraries:
0x00007ff731650000 - 0x00007ff731687000 	C:\Program Files\Java\jdk1.8.0_111\bin\java.exe
0x00007ff98a080000 - 0x00007ff98a25b000 	C:\WINDOWS\SYSTEM32\ntdll.dll
0x00007ff988540000 - 0x00007ff9885ee000 	C:\WINDOWS\System32\KERNEL32.DLL
0x00007ff986980000 - 0x00007ff986bc9000 	C:\WINDOWS\System32\KERNELBASE.dll
0x00007ff987ab0000 - 0x00007ff987b51000 	C:\WINDOWS\System32\ADVAPI32.dll
0x00007ff989da0000 - 0x00007ff989e3d000 	C:\WINDOWS\System32\msvcrt.dll
0x00007ff987710000 - 0x00007ff987769000 	C:\WINDOWS\System32\sechost.dll
0x00007ff9875e0000 - 0x00007ff987705000 	C:\WINDOWS\System32\RPCRT4.dll
0x00007ff9877a0000 - 0x00007ff9878ea000 	C:\WINDOWS\System32\USER32.dll
0x00007ff986e60000 - 0x00007ff986e7e000 	C:\WINDOWS\System32\win32u.dll
0x00007ff987770000 - 0x00007ff987797000 	C:\WINDOWS\System32\GDI32.dll
0x00007ff986c80000 - 0x00007ff986e09000 	C:\WINDOWS\System32\gdi32full.dll
0x00007ff9866a0000 - 0x00007ff98673a000 	C:\WINDOWS\System32\msvcp_win.dll
0x00007ff9865a0000 - 0x00007ff986696000 	C:\WINDOWS\System32\ucrtbase.dll
0x00007ff976090000 - 0x00007ff9762f7000 	C:\WINDOWS\WinSxS\amd64_microsoft.windows.common-controls_6595b64144ccf1df_6.0.15063.0_none_108e4f62dfe5d999\COMCTL32.dll
0x00007ff989a90000 - 0x00007ff989d89000 	C:\WINDOWS\System32\combase.dll
0x00007ff986910000 - 0x00007ff98697a000 	C:\WINDOWS\System32\bcryptPrimitives.dll
0x00007ff987c40000 - 0x00007ff987c6d000 	C:\WINDOWS\System32\IMM32.DLL
0x0000000071360000 - 0x0000000071432000 	C:\Program Files\Java\jdk1.8.0_111\jre\bin\msvcr100.dll
0x0000000071440000 - 0x0000000071cda000 	C:\Program Files\Java\jdk1.8.0_111\jre\bin\server\jvm.dll
0x00007ff989d90000 - 0x00007ff989d98000 	C:\WINDOWS\System32\PSAPI.DLL
0x00007ff983be0000 - 0x00007ff983c03000 	C:\WINDOWS\SYSTEM32\WINMM.dll
0x00007ff96e830000 - 0x00007ff96e839000 	C:\WINDOWS\SYSTEM32\WSOCK32.dll
0x00007ff97d410000 - 0x00007ff97d41a000 	C:\WINDOWS\SYSTEM32\VERSION.dll
0x00007ff988360000 - 0x00007ff9883cc000 	C:\WINDOWS\System32\WS2_32.dll
0x00007ff983b60000 - 0x00007ff983b8b000 	C:\WINDOWS\SYSTEM32\winmmbase.dll
0x00007ff986e10000 - 0x00007ff986e59000 	C:\WINDOWS\System32\cfgmgr32.dll
0x0000000073470000 - 0x000000007347f000 	C:\Program Files\Java\jdk1.8.0_111\jre\bin\verify.dll
0x0000000073440000 - 0x0000000073469000 	C:\Program Files\Java\jdk1.8.0_111\jre\bin\java.dll
0x00000000725d0000 - 0x00000000725e6000 	C:\Program Files\Java\jdk1.8.0_111\jre\bin\zip.dll
0x00007ff988650000 - 0x00007ff989a87000 	C:\WINDOWS\System32\SHELL32.dll
0x00007ff987a00000 - 0x00007ff987aaa000 	C:\WINDOWS\System32\shcore.dll
0x00007ff986ee0000 - 0x00007ff9875d2000 	C:\WINDOWS\System32\windows.storage.dll
0x00007ff987d40000 - 0x00007ff987d91000 	C:\WINDOWS\System32\shlwapi.dll
0x00007ff9864f0000 - 0x00007ff986501000 	C:\WINDOWS\System32\kernel.appcore.dll
0x00007ff986530000 - 0x00007ff98657c000 	C:\WINDOWS\System32\powrprof.dll
0x00007ff986510000 - 0x00007ff986525000 	C:\WINDOWS\System32\profapi.dll
0x00000000711c0000 - 0x0000000071358000 	C:\Program Files\Java\jdk1.8.0_111\jre\bin\awt.dll
0x00007ff987c80000 - 0x00007ff987d3f000 	C:\WINDOWS\System32\OLEAUT32.dll
0x00007ff984bb0000 - 0x00007ff984c2e000 	C:\WINDOWS\SYSTEM32\apphelp.dll
0x00007ff984d10000 - 0x00007ff984da5000 	C:\WINDOWS\system32\uxtheme.dll
0x00007ff9883d0000 - 0x00007ff988536000 	C:\WINDOWS\System32\MSCTF.dll
0x00007ff9849a0000 - 0x00007ff9849ca000 	C:\WINDOWS\system32\dwmapi.dll
0x00007ff987dc0000 - 0x00007ff987f05000 	C:\WINDOWS\System32\ole32.dll
0x0000000072630000 - 0x0000000072677000 	C:\Program Files\Java\jdk1.8.0_111\jre\bin\fontmanager.dll
0x00000000725b0000 - 0x00000000725ca000 	C:\Program Files\Java\jdk1.8.0_111\jre\bin\net.dll
0x00007ff985da0000 - 0x00007ff985dfc000 	C:\WINDOWS\system32\mswsock.dll
0x0000000072680000 - 0x0000000072691000 	C:\Program Files\Java\jdk1.8.0_111\jre\bin\nio.dll
0x0000000072560000 - 0x00000000725a2000 	C:\Program Files\Java\jdk1.8.0_111\jre\bin\t2k.dll
0x00007ff97f930000 - 0x00007ff97f9b2000 	C:\WINDOWS\System32\TextInputFramework.dll
0x00007ff984720000 - 0x00007ff984803000 	C:\WINDOWS\System32\CoreMessaging.dll
0x00007ff980d20000 - 0x00007ff980ff2000 	C:\WINDOWS\System32\CoreUIComponents.dll
0x00007ff9857f0000 - 0x00007ff985821000 	C:\WINDOWS\SYSTEM32\ntmarta.dll
0x00007ff982b70000 - 0x00007ff982ca9000 	C:\WINDOWS\SYSTEM32\wintypes.dll
0x00007ff983450000 - 0x00007ff983465000 	C:\WINDOWS\SYSTEM32\usermgrcli.dll
0x0000000072600000 - 0x000000007262a000 	C:\Program Files\Java\jdk1.8.0_111\jre\bin\dcpr.dll
0x00007ff989fe0000 - 0x00007ff98a07e000 	C:\WINDOWS\System32\clbcatq.dll
0x00007ff981570000 - 0x00007ff98171c000 	C:\WINDOWS\SYSTEM32\WindowsCodecs.dll
0x00007ff975b00000 - 0x00007ff975b47000 	C:\WINDOWS\system32\dataexchange.dll
0x00007ff983ff0000 - 0x00007ff984112000 	C:\WINDOWS\system32\dcomp.dll
0x00007ff983c60000 - 0x00007ff983f3f000 	C:\WINDOWS\system32\d3d11.dll
0x00007ff985360000 - 0x00007ff985404000 	C:\WINDOWS\system32\dxgi.dll
0x00007ff984e40000 - 0x00007ff984fb0000 	C:\WINDOWS\system32\twinapi.appcore.dll
0x00007ff9863c0000 - 0x00007ff9863e5000 	C:\WINDOWS\system32\bcrypt.dll

VM Arguments:
jvm_args: -Dfile.encoding=UTF-8 
java_command: Cliente.Vistas.VistaAdmin
java_class_path (initial): C:\Users\Steven\Proyectos\LibreriaDigit\LibreriaDigital\LibreriaDigital\build\classes
Launcher Type: SUN_STANDARD

Environment Variables:
PATH=C:\ProgramData\Oracle\Java\javapath;C:\Program Files (x86)\Intel\iCLS Client\;C:\Program Files\Intel\iCLS Client\;C:\Windows\system32;C:\Windows;C:\Windows\System32\Wbem;C:\Windows\System32\WindowsPowerShell\v1.0\;C:\Program Files (x86)\NVIDIA Corporation\PhysX\Common;C:\Program Files (x86)\Intel\Intel(R) Management Engine Components\DAL;C:\Program Files\Intel\Intel(R) Management Engine Components\DAL;C:\Program Files (x86)\Intel\Intel(R) Management Engine Components\IPT;C:\Program Files\Intel\Intel(R) Management Engine Components\IPT;C:\WINDOWS\system32;C:\WINDOWS;C:\WINDOWS\System32\Wbem;C:\WINDOWS\System32\WindowsPowerShell\v1.0\;C:\Program Files\Git\cmd;C:\Python27;C:\Python27\Scripts;C:\Users\Steven\AppData\Local\Microsoft\WindowsApps;
USERNAME=Steven
OS=Windows_NT
PROCESSOR_IDENTIFIER=Intel64 Family 6 Model 142 Stepping 9, GenuineIntel



---------------  S Y S T E M  ---------------

OS: Windows 10.0 , 64 bit Build 15063 (10.0.15063.296)

CPU:total 4 (2 cores per cpu, 2 threads per core) family 6 model 142 stepping 9, cmov, cx8, fxsr, mmx, sse, sse2, sse3, ssse3, sse4.1, sse4.2, popcnt, avx, avx2, aes, clmul, erms, 3dnowpref, lzcnt, ht, tsc, tscinvbit, bmi1, bmi2, adx

Memory: 4k page, physical 4059268k(313940k free), swap 4059268k(5204k free)

vm_info: Java HotSpot(TM) 64-Bit Server VM (25.111-b14) for windows-amd64 JRE (1.8.0_111-b14), built on Sep 22 2016 19:24:05 by "java_re" with MS VC++ 10.0 (VS2010)

time: Sat Jun 03 12:56:41 2017
elapsed time: 5 seconds (0d 0h 0m 5s)

